Added Pin To Net: NetName=5V Pin=C1-1
Added Pin To Net: NetName=GND Pin=C1-2
Added Pin To Net: NetName=5V Pin=C2-1
Added Pin To Net: NetName=GND Pin=C2-2
Added Pin To Net: NetName=5V Pin=C3-1
Added Pin To Net: NetName=GND Pin=C3-2
Added Pin To Net: NetName=5V Pin=C4-1
Added Pin To Net: NetName=GND Pin=C4-2
Added Pin To Net: NetName=5V Pin=C5-1
Added Pin To Net: NetName=GND Pin=C5-2
Added Pin To Net: NetName=5V Pin=C6-1
Added Pin To Net: NetName=GND Pin=C6-2
Added Pin To Net: NetName=NetLED1_1 Pin=LED1-1
Added Pin To Net: NetName=GND Pin=LED1-2
Added Pin To Net: NetName=Din Pin=LED1-3
Added Pin To Net: NetName=5V Pin=LED1-4
Added Pin To Net: NetName=NetLED2_1 Pin=LED2-1
Added Pin To Net: NetName=GND Pin=LED2-2
Added Pin To Net: NetName=NetLED1_1 Pin=LED2-3
Added Pin To Net: NetName=5V Pin=LED2-4
Added Pin To Net: NetName=NetLED3_1 Pin=LED3-1
Added Pin To Net: NetName=GND Pin=LED3-2
Added Pin To Net: NetName=NetLED2_1 Pin=LED3-3
Added Pin To Net: NetName=5V Pin=LED3-4
Added Pin To Net: NetName=NetLED4_1 Pin=LED4-1
Added Pin To Net: NetName=GND Pin=LED4-2
Added Pin To Net: NetName=NetLED3_1 Pin=LED4-3
Added Pin To Net: NetName=5V Pin=LED4-4
Added Pin To Net: NetName=P1 Pin=LED5-1
Added Pin To Net: NetName=GND Pin=LED5-2
Added Pin To Net: NetName=NetLED4_1 Pin=LED5-3
Added Pin To Net: NetName=5V Pin=LED5-4
Added Pin To Net: NetName=NetLED6_1 Pin=LED6-1
Added Pin To Net: NetName=GND Pin=LED6-2
Added Pin To Net: NetName=P1 Pin=LED6-3
Added Pin To Net: NetName=5V Pin=LED6-4
Added Pin To Net: NetName=NetLED7_1 Pin=LED7-1
Added Pin To Net: NetName=GND Pin=LED7-2
Added Pin To Net: NetName=NetLED6_1 Pin=LED7-3
Added Pin To Net: NetName=5V Pin=LED7-4
Added Pin To Net: NetName=NetLED8_1 Pin=LED8-1
Added Pin To Net: NetName=GND Pin=LED8-2
Added Pin To Net: NetName=NetLED7_1 Pin=LED8-3
Added Pin To Net: NetName=5V Pin=LED8-4
Added Pin To Net: NetName=NetLED9_1 Pin=LED9-1
Added Pin To Net: NetName=GND Pin=LED9-2
Added Pin To Net: NetName=NetLED8_1 Pin=LED9-3
Added Pin To Net: NetName=5V Pin=LED9-4
Added Pin To Net: NetName=P2 Pin=LED10-1
Added Pin To Net: NetName=GND Pin=LED10-2
Added Pin To Net: NetName=NetLED9_1 Pin=LED10-3
Added Pin To Net: NetName=5V Pin=LED10-4
Added Pin To Net: NetName=NetLED11_1 Pin=LED11-1
Added Pin To Net: NetName=GND Pin=LED11-2
Added Pin To Net: NetName=P2 Pin=LED11-3
Added Pin To Net: NetName=5V Pin=LED11-4
Added Pin To Net: NetName=NetLED12_1 Pin=LED12-1
Added Pin To Net: NetName=GND Pin=LED12-2
Added Pin To Net: NetName=NetLED11_1 Pin=LED12-3
Added Pin To Net: NetName=5V Pin=LED12-4
Added Pin To Net: NetName=NetLED13_1 Pin=LED13-1
Added Pin To Net: NetName=GND Pin=LED13-2
Added Pin To Net: NetName=NetLED12_1 Pin=LED13-3
Added Pin To Net: NetName=5V Pin=LED13-4
Added Pin To Net: NetName=NetLED14_1 Pin=LED14-1
Added Pin To Net: NetName=GND Pin=LED14-2
Added Pin To Net: NetName=NetLED13_1 Pin=LED14-3
Added Pin To Net: NetName=5V Pin=LED14-4
Added Pin To Net: NetName=P3 Pin=LED15-1
Added Pin To Net: NetName=GND Pin=LED15-2
Added Pin To Net: NetName=NetLED14_1 Pin=LED15-3
Added Pin To Net: NetName=5V Pin=LED15-4
Added Pin To Net: NetName=NetLED16_1 Pin=LED16-1
Added Pin To Net: NetName=GND Pin=LED16-2
Added Pin To Net: NetName=P3 Pin=LED16-3
Added Pin To Net: NetName=5V Pin=LED16-4
Added Pin To Net: NetName=NetLED17_1 Pin=LED17-1
Added Pin To Net: NetName=GND Pin=LED17-2
Added Pin To Net: NetName=NetLED16_1 Pin=LED17-3
Added Pin To Net: NetName=5V Pin=LED17-4
Added Pin To Net: NetName=NetLED18_1 Pin=LED18-1
Added Pin To Net: NetName=GND Pin=LED18-2
Added Pin To Net: NetName=NetLED17_1 Pin=LED18-3
Added Pin To Net: NetName=5V Pin=LED18-4
Added Pin To Net: NetName=NetLED19_1 Pin=LED19-1
Added Pin To Net: NetName=GND Pin=LED19-2
Added Pin To Net: NetName=NetLED18_1 Pin=LED19-3
Added Pin To Net: NetName=5V Pin=LED19-4
Added Pin To Net: NetName=P4 Pin=LED20-1
Added Pin To Net: NetName=GND Pin=LED20-2
Added Pin To Net: NetName=NetLED19_1 Pin=LED20-3
Added Pin To Net: NetName=5V Pin=LED20-4
Added Pin To Net: NetName=NetLED21_1 Pin=LED21-1
Added Pin To Net: NetName=GND Pin=LED21-2
Added Pin To Net: NetName=P4 Pin=LED21-3
Added Pin To Net: NetName=5V Pin=LED21-4
Added Pin To Net: NetName=NetLED22_1 Pin=LED22-1
Added Pin To Net: NetName=GND Pin=LED22-2
Added Pin To Net: NetName=NetLED21_1 Pin=LED22-3
Added Pin To Net: NetName=5V Pin=LED22-4
Added Pin To Net: NetName=NetLED23_1 Pin=LED23-1
Added Pin To Net: NetName=GND Pin=LED23-2
Added Pin To Net: NetName=NetLED22_1 Pin=LED23-3
Added Pin To Net: NetName=5V Pin=LED23-4
Added Pin To Net: NetName=NetLED24_1 Pin=LED24-1
Added Pin To Net: NetName=GND Pin=LED24-2
Added Pin To Net: NetName=NetLED23_1 Pin=LED24-3
Added Pin To Net: NetName=5V Pin=LED24-4
Added Pin To Net: NetName=P5 Pin=LED25-1
Added Pin To Net: NetName=GND Pin=LED25-2
Added Pin To Net: NetName=NetLED24_1 Pin=LED25-3
Added Pin To Net: NetName=5V Pin=LED25-4
Added Pin To Net: NetName=NetLED26_1 Pin=LED26-1
Added Pin To Net: NetName=GND Pin=LED26-2
Added Pin To Net: NetName=P5 Pin=LED26-3
Added Pin To Net: NetName=5V Pin=LED26-4
Added Pin To Net: NetName=NetLED27_1 Pin=LED27-1
Added Pin To Net: NetName=GND Pin=LED27-2
Added Pin To Net: NetName=NetLED26_1 Pin=LED27-3
Added Pin To Net: NetName=5V Pin=LED27-4
Added Pin To Net: NetName=NetLED28_1 Pin=LED28-1
Added Pin To Net: NetName=GND Pin=LED28-2
Added Pin To Net: NetName=NetLED27_1 Pin=LED28-3
Added Pin To Net: NetName=5V Pin=LED28-4
Added Pin To Net: NetName=NetLED29_1 Pin=LED29-1
Added Pin To Net: NetName=GND Pin=LED29-2
Added Pin To Net: NetName=NetLED28_1 Pin=LED29-3
Added Pin To Net: NetName=5V Pin=LED29-4
Added Pin To Net: NetName=Dout Pin=LED30-1
Added Pin To Net: NetName=GND Pin=LED30-2
Added Pin To Net: NetName=NetLED29_1 Pin=LED30-3
Added Pin To Net: NetName=5V Pin=LED30-4
Added Pin To Net: NetName=5V Pin=TP1-1
Added Pin To Net: NetName=Din Pin=TP2-1
Added Pin To Net: NetName=GND Pin=TP3-1
Added Pin To Net: NetName=5V Pin=TP4-1
Added Pin To Net: NetName=Dout Pin=TP5-1
Added Pin To Net: NetName=GND Pin=TP6-1
Added Member To Class: ClassName=FlexiGlow_Rev_A Member=Component C1 4.7uF
Added Member To Class: ClassName=FlexiGlow_Rev_A Member=Component C2 4.7uF
Added Member To Class: ClassName=FlexiGlow_Rev_A Member=Component C3 4.7uF
Added Member To Class: ClassName=FlexiGlow_Rev_A Member=Component C4 4.7uF
Added Member To Class: ClassName=FlexiGlow_Rev_A Member=Component C5 4.7uF
Added Member To Class: ClassName=FlexiGlow_Rev_A Member=Component C6 4.7uF
Added Member To Class: ClassName=FlexiGlow_Rev_A Member=Component LED1 WS2812C-2020
Added Member To Class: ClassName=FlexiGlow_Rev_A Member=Component LED2 WS2812C-2020
Added Member To Class: ClassName=FlexiGlow_Rev_A Member=Component LED3 WS2812C-2020
Added Member To Class: ClassName=FlexiGlow_Rev_A Member=Component LED4 WS2812C-2020
Added Member To Class: ClassName=FlexiGlow_Rev_A Member=Component LED5 WS2812C-2020
Added Member To Class: ClassName=FlexiGlow_Rev_A Member=Component LED6 WS2812C-2020
Added Member To Class: ClassName=FlexiGlow_Rev_A Member=Component LED7 WS2812C-2020
Added Member To Class: ClassName=FlexiGlow_Rev_A Member=Component LED8 WS2812C-2020
Added Member To Class: ClassName=FlexiGlow_Rev_A Member=Component LED9 WS2812C-2020
Added Member To Class: ClassName=FlexiGlow_Rev_A Member=Component LED10 WS2812C-2020
Added Member To Class: ClassName=FlexiGlow_Rev_A Member=Component LED11 WS2812C-2020
Added Member To Class: ClassName=FlexiGlow_Rev_A Member=Component LED12 WS2812C-2020
Added Member To Class: ClassName=FlexiGlow_Rev_A Member=Component LED13 WS2812C-2020
Added Member To Class: ClassName=FlexiGlow_Rev_A Member=Component LED14 WS2812C-2020
Added Member To Class: ClassName=FlexiGlow_Rev_A Member=Component LED15 WS2812C-2020
Added Member To Class: ClassName=FlexiGlow_Rev_A Member=Component LED16 WS2812C-2020
Added Member To Class: ClassName=FlexiGlow_Rev_A Member=Component LED17 WS2812C-2020
Added Member To Class: ClassName=FlexiGlow_Rev_A Member=Component LED18 WS2812C-2020
Added Member To Class: ClassName=FlexiGlow_Rev_A Member=Component LED19 WS2812C-2020
Added Member To Class: ClassName=FlexiGlow_Rev_A Member=Component LED20 WS2812C-2020
Added Member To Class: ClassName=FlexiGlow_Rev_A Member=Component LED21 WS2812C-2020
Added Member To Class: ClassName=FlexiGlow_Rev_A Member=Component LED22 WS2812C-2020
Added Member To Class: ClassName=FlexiGlow_Rev_A Member=Component LED23 WS2812C-2020
Added Member To Class: ClassName=FlexiGlow_Rev_A Member=Component LED24 WS2812C-2020
Added Member To Class: ClassName=FlexiGlow_Rev_A Member=Component LED25 WS2812C-2020
Added Member To Class: ClassName=FlexiGlow_Rev_A Member=Component LED26 WS2812C-2020
Added Member To Class: ClassName=FlexiGlow_Rev_A Member=Component LED27 WS2812C-2020
Added Member To Class: ClassName=FlexiGlow_Rev_A Member=Component LED28 WS2812C-2020
Added Member To Class: ClassName=FlexiGlow_Rev_A Member=Component LED29 WS2812C-2020
Added Member To Class: ClassName=FlexiGlow_Rev_A Member=Component LED30 WS2812C-2020
Added Member To Class: ClassName=FlexiGlow_Rev_A Member=Component TP1 5V
Added Member To Class: ClassName=FlexiGlow_Rev_A Member=Component TP2 DI
Added Member To Class: ClassName=FlexiGlow_Rev_A Member=Component TP3 G
Added Member To Class: ClassName=FlexiGlow_Rev_A Member=Component TP4 5V
Added Member To Class: ClassName=FlexiGlow_Rev_A Member=Component TP5 DO
Added Member To Class: ClassName=FlexiGlow_Rev_A Member=Component TP6 G
